<?xml version="1.0" encoding="UTF-8"?>
<!-- Generated by org.testng.reporters.JUnitReportReporter -->
<testsuite hostname="DESKTOP-T669B71" failures="0" tests="1" name="APITesting.com.org.api.CapitalGetRequest" time="2.629" errors="0" timestamp="13 Jun 2020 21:58:15 GMT" skipped="0">
  <testcase classname="APITesting.com.org.api.CapitalGetRequest" name="hitGetRequest" time="2.629"/>
</testsuite> <!-- APITesting.com.org.api.CapitalGetRequest -->
