<?xml version="1.0" encoding="UTF-8"?>
<!-- Generated by org.testng.reporters.JUnitReportReporter -->
<testsuite hostname="DESKTOP-T669B71" failures="0" tests="4" name="APITesting.com.org.api.tests.Validate_ByCode_API" time="2.516" errors="0" timestamp="14 Jun 2020 08:02:56 GMT" skipped="0">
  <testcase classname="APITesting.com.org.api.tests.Validate_ByCode_API" name="failureStatusCode" time="1.864"/>
  <testcase classname="APITesting.com.org.api.tests.Validate_ByCode_API" name="failureStatusCode" time="0.217"/>
  <testcase classname="APITesting.com.org.api.tests.Validate_ByCode_API" name="failureStatusCode" time="0.220"/>
  <testcase classname="APITesting.com.org.api.tests.Validate_ByCode_API" name="failureStatusCode" time="0.215"/>
</testsuite> <!-- APITesting.com.org.api.tests.Validate_ByCode_API -->
