<?xml version="1.0" encoding="UTF-8"?>
<!-- Generated by org.testng.reporters.JUnitReportReporter -->
<testsuite hostname="DESKTOP-T669B71" failures="0" tests="2" name="APITesting.com.org.api.tests.API_Validate_ResponseType_JSON" time="2.454" errors="0" timestamp="14 Jun 2020 19:03:34 GMT" skipped="0">
  <testcase classname="APITesting.com.org.api.tests.API_Validate_ResponseType_JSON" name="validateResponseContentType_ByName" time="0.246"/>
  <testcase classname="APITesting.com.org.api.tests.API_Validate_ResponseType_JSON" name="validateResponseContentType_ByCode" time="2.208"/>
</testsuite> <!-- APITesting.com.org.api.tests.API_Validate_ResponseType_JSON -->
