<?xml version="1.0" encoding="UTF-8"?>
<!-- Generated by org.testng.reporters.JUnitReportReporter -->
<testsuite hostname="DESKTOP-T669B71" failures="0" tests="4" name="APITesting.com.org.api.tests.Validate_ByName_API" time="3.168" errors="0" timestamp="14 Jun 2020 08:03:14 GMT" skipped="0">
  <testcase classname="APITesting.com.org.api.tests.Validate_ByName_API" name="failureCapital" time="0.213"/>
  <testcase classname="APITesting.com.org.api.tests.Validate_ByName_API" name="failureCapital" time="0.237"/>
  <testcase classname="APITesting.com.org.api.tests.Validate_ByName_API" name="failureCapital" time="0.316"/>
  <testcase classname="APITesting.com.org.api.tests.Validate_ByName_API" name="failureCapital" time="2.402"/>
</testsuite> <!-- APITesting.com.org.api.tests.Validate_ByName_API -->
