<?xml version="1.0" encoding="UTF-8"?>
<!-- Generated by org.testng.reporters.JUnitReportReporter -->
<testsuite hostname="DESKTOP-T669B71" failures="0" tests="1" name="APITesting.com.org.api.tests.API_Validate_ByCode" time="2.380" errors="0" timestamp="14 Jun 2020 18:21:00 GMT" skipped="0">
  <testcase classname="APITesting.com.org.api.tests.API_Validate_ByCode" name="successStatusCode" time="2.380"/>
</testsuite> <!-- APITesting.com.org.api.tests.API_Validate_ByCode -->
