<?xml version="1.0" encoding="UTF-8"?>
<!-- Generated by org.testng.reporters.JUnitReportReporter -->
<testsuite hostname="DESKTOP-T669B71" failures="0" tests="1" name="APITesting.com.org.api.GetRequestByCode" time="2.191" errors="0" timestamp="14 Jun 2020 01:29:24 GMT" skipped="0">
  <testcase classname="APITesting.com.org.api.GetRequestByCode" name="hitGetRequest" time="2.191"/>
</testsuite> <!-- APITesting.com.org.api.GetRequestByCode -->
